Line 1266: Class TabDlg.SSTab of control z was not a loaded control class.
Line 1675: Class MSComCtl2.DTPicker of control dt_resigned was not a loaded control class.
Line 2176: Class MSComCtl2.DTPicker of control dt_pf_join was not a loaded control class.
Line 2479: Class TabDlg.SSTab of control SSTab2 was not a loaded control class.
Line 2758: Class MSComCtl2.DTPicker of control doj was not a loaded control class.
Line 2770: Class MSComCtl2.DTPicker of control dob was not a loaded control class.
Line 3487: Class MSAdodcLib.Adodc of control Adodc1 was not a loaded control class.
Line 1272: The property name _ExtentX in z is invalid.
Line 1273: The property name _ExtentY in z is invalid.
Line 1274: The property name _Version in z is invalid.
Line 1275: The property name Tabs in z is invalid.
Line 1276: The property name Tab in z is invalid.
Line 1277: The property name TabsPerRow in z is invalid.
Line 1278: The property name TabHeight in z is invalid.
Line 1290: The property name TabCaption(0) in z is invalid.
Line 1291: The property name TabPicture(0) in z is invalid.
Line 1292: The property name Tab(0).ControlEnabled in z is invalid.
Line 1293: The property name Tab(0).Control(0) in z is invalid.
Line 1294: The property name Tab(0).Control(0).Enabled in z is invalid.
Line 1295: The property name Tab(0).Control(1) in z is invalid.
Line 1296: The property name Tab(0).Control(1).Enabled in z is invalid.
Line 1297: The property name Tab(0).Control(2) in z is invalid.
Line 1298: The property name Tab(0).Control(2).Enabled in z is invalid.
Line 1299: The property name Tab(0).Control(3) in z is invalid.
Line 1300: The property name Tab(0).Control(3).Enabled in z is invalid.
Line 1301: The property name Tab(0).Control(4) in z is invalid.
Line 1302: The property name Tab(0).Control(4).Enabled in z is invalid.
Line 1303: The property name Tab(0).Control(5) in z is invalid.
Line 1304: The property name Tab(0).Control(5).Enabled in z is invalid.
Line 1305: The property name Tab(0).Control(6) in z is invalid.
Line 1306: The property name Tab(0).Control(6).Enabled in z is invalid.
Line 1307: The property name Tab(0).Control(7) in z is invalid.
Line 1308: The property name Tab(0).Control(7).Enabled in z is invalid.
Line 1309: The property name Tab(0).Control(8) in z is invalid.
Line 1310: The property name Tab(0).Control(8).Enabled in z is invalid.
Line 1311: The property name Tab(0).ControlCount in z is invalid.
Line 1312: The property name TabCaption(1) in z is invalid.
Line 1313: The property name TabPicture(1) in z is invalid.
Line 1314: The property name Tab(1).ControlEnabled in z is invalid.
Line 1315: The property name Tab(1).Control(0) in z is invalid.
Line 1316: The property name Tab(1).Control(1) in z is invalid.
Line 1317: The property name Tab(1).Control(2) in z is invalid.
Line 1318: The property name Tab(1).Control(3) in z is invalid.
Line 1319: The property name Tab(1).Control(4) in z is invalid.
Line 1320: The property name Tab(1).Control(5) in z is invalid.
Line 1321: The property name Tab(1).Control(6) in z is invalid.
Line 1322: The property name Tab(1).Control(7) in z is invalid.
Line 1323: The property name Tab(1).Control(8) in z is invalid.
Line 1324: The property name Tab(1).Control(9) in z is invalid.
Line 1325: The property name Tab(1).Control(10) in z is invalid.
Line 1326: The property name Tab(1).Control(11) in z is invalid.
Line 1327: The property name Tab(1).Control(12) in z is invalid.
Line 1328: The property name Tab(1).Control(13) in z is invalid.
Line 1329: The property name Tab(1).ControlCount in z is invalid.
Line 1330: The property name TabCaption(2) in z is invalid.
Line 1331: The property name TabPicture(2) in z is invalid.
Line 1332: The property name Tab(2).ControlEnabled in z is invalid.
Line 1333: The property name Tab(2).Control(0) in z is invalid.
Line 1334: The property name Tab(2).Control(1) in z is invalid.
Line 1335: The property name Tab(2).Control(2) in z is invalid.
Line 1336: The property name Tab(2).Control(3) in z is invalid.
Line 1337: The property name Tab(2).Control(4) in z is invalid.
Line 1338: The property name Tab(2).Control(5) in z is invalid.
Line 1339: The property name Tab(2).Control(6) in z is invalid.
Line 1340: The property name Tab(2).Control(7) in z is invalid.
Line 1341: The property name Tab(2).Control(8) in z is invalid.
Line 1342: The property name Tab(2).Control(9) in z is invalid.
Line 1343: The property name Tab(2).Control(10) in z is invalid.
Line 1344: The property name Tab(2).Control(11) in z is invalid.
Line 1345: The property name Tab(2).Control(12) in z is invalid.
Line 1346: The property name Tab(2).Control(13) in z is invalid.
Line 1347: The property name Tab(2).Control(14) in z is invalid.
Line 1348: The property name Tab(2).Control(15) in z is invalid.
Line 1349: The property name Tab(2).Control(16) in z is invalid.
Line 1350: The property name Tab(2).Control(17) in z is invalid.
Line 1351: The property name Tab(2).Control(18) in z is invalid.
Line 1352: The property name Tab(2).Control(19) in z is invalid.
Line 1353: The property name Tab(2).Control(20) in z is invalid.
Line 1354: The property name Tab(2).ControlCount in z is invalid.
Line 1355: The property name TabCaption(3) in z is invalid.
Line 1356: The property name TabPicture(3) in z is invalid.
Line 1357: The property name Tab(3).ControlEnabled in z is invalid.
Line 1358: The property name Tab(3).Control(0) in z is invalid.
Line 1359: The property name Tab(3).Control(1) in z is invalid.
Line 1360: The property name Tab(3).Control(2) in z is invalid.
Line 1361: The property name Tab(3).Control(3) in z is invalid.
Line 1362: The property name Tab(3).Control(4) in z is invalid.
Line 1363: The property name Tab(3).Control(5) in z is invalid.
Line 1364: The property name Tab(3).Control(6) in z is invalid.
Line 1365: The property name Tab(3).Control(7) in z is invalid.
Line 1366: The property name Tab(3).Control(8) in z is invalid.
Line 1367: The property name Tab(3).Control(9) in z is invalid.
Line 1368: The property name Tab(3).Control(10) in z is invalid.
Line 1369: The property name Tab(3).ControlCount in z is invalid.
Line 1370: The property name TabCaption(4) in z is invalid.
Line 1371: The property name TabPicture(4) in z is invalid.
Line 1372: The property name Tab(4).ControlEnabled in z is invalid.
Line 1373: The property name Tab(4).Control(0) in z is invalid.
Line 1374: The property name Tab(4).Control(0).Enabled in z is invalid.
Line 1375: The property name Tab(4).Control(1) in z is invalid.
Line 1376: The property name Tab(4).Control(1).Enabled in z is invalid.
Line 1377: The property name Tab(4).Control(2) in z is invalid.
Line 1378: The property name Tab(4).Control(2).Enabled in z is invalid.
Line 1379: The property name Tab(4).Control(3) in z is invalid.
Line 1380: The property name Tab(4).Control(3).Enabled in z is invalid.
Line 1381: The property name Tab(4).Control(4) in z is invalid.
Line 1382: The property name Tab(4).Control(4).Enabled in z is invalid.
Line 1383: The property name Tab(4).Control(5) in z is invalid.
Line 1384: The property name Tab(4).Control(5).Enabled in z is invalid.
Line 1385: The property name Tab(4).Control(6) in z is invalid.
Line 1386: The property name Tab(4).Control(6).Enabled in z is invalid.
Line 1387: The property name Tab(4).Control(7) in z is invalid.
Line 1388: The property name Tab(4).Control(7).Enabled in z is invalid.
Line 1389: The property name Tab(4).Control(8) in z is invalid.
Line 1390: The property name Tab(4).Control(8).Enabled in z is invalid.
Line 1391: The property name Tab(4).ControlCount in z is invalid.
Line 1392: The property name TabCaption(5) in z is invalid.
Line 1393: The property name TabPicture(5) in z is invalid.
Line 1394: The property name Tab(5).ControlEnabled in z is invalid.
Line 1395: The property name Tab(5).Control(0) in z is invalid.
Line 1396: The property name Tab(5).Control(0).Enabled in z is invalid.
Line 1397: The property name Tab(5).Control(1) in z is invalid.
Line 1398: The property name Tab(5).Control(1).Enabled in z is invalid.
Line 1399: The property name Tab(5).Control(2) in z is invalid.
Line 1400: The property name Tab(5).Control(2).Enabled in z is invalid.
Line 1401: The property name Tab(5).ControlCount in z is invalid.
Line 1402: The property name TabCaption(6) in z is invalid.
Line 1403: The property name TabPicture(6) in z is invalid.
Line 1404: The property name Tab(6).ControlEnabled in z is invalid.
Line 1405: The property name Tab(6).Control(0) in z is invalid.
Line 1406: The property name Tab(6).Control(1) in z is invalid.
Line 1407: The property name Tab(6).Control(2) in z is invalid.
Line 1408: The property name Tab(6).Control(3) in z is invalid.
Line 1409: The property name Tab(6).Control(4) in z is invalid.
Line 1410: The property name Tab(6).Control(5) in z is invalid.
Line 1411: The property name Tab(6).Control(6) in z is invalid.
Line 1412: The property name Tab(6).Control(7) in z is invalid.
Line 1413: The property name Tab(6).Control(8) in z is invalid.
Line 1414: The property name Tab(6).Control(9) in z is invalid.
Line 1415: The property name Tab(6).Control(10) in z is invalid.
Line 1416: The property name Tab(6).Control(11) in z is invalid.
Line 1417: The property name Tab(6).Control(12) in z is invalid.
Line 1418: The property name Tab(6).Control(13) in z is invalid.
Line 1419: The property name Tab(6).Control(14) in z is invalid.
Line 1420: The property name Tab(6).ControlCount in z is invalid.
Line 1681: The property name _ExtentX in dt_resigned is invalid.
Line 1682: The property name _ExtentY in dt_resigned is invalid.
Line 1683: The property name _Version in dt_resigned is invalid.
Line 1693: The property name Format in dt_resigned is invalid.
Line 1694: The property name CurrentDate in dt_resigned is invalid.
Line 2182: The property name _ExtentX in dt_pf_join is invalid.
Line 2183: The property name _ExtentY in dt_pf_join is invalid.
Line 2184: The property name _Version in dt_pf_join is invalid.
Line 2185: The property name Format in dt_pf_join is invalid.
Line 2186: The property name CurrentDate in dt_pf_join is invalid.
Line 2485: The property name _ExtentX in SSTab2 is invalid.
Line 2486: The property name _ExtentY in SSTab2 is invalid.
Line 2487: The property name _Version in SSTab2 is invalid.
Line 2488: The property name Tabs in SSTab2 is invalid.
Line 2489: The property name TabsPerRow in SSTab2 is invalid.
Line 2490: The property name TabHeight in SSTab2 is invalid.
Line 2502: The property name TabCaption(0) in SSTab2 is invalid.
Line 2503: The property name TabPicture(0) in SSTab2 is invalid.
Line 2504: The property name Tab(0).ControlEnabled in SSTab2 is invalid.
Line 2505: The property name Tab(0).Control(0) in SSTab2 is invalid.
Line 2506: The property name Tab(0).Control(0).Enabled in SSTab2 is invalid.
Line 2507: The property name Tab(0).Control(1) in SSTab2 is invalid.
Line 2508: The property name Tab(0).Control(1).Enabled in SSTab2 is invalid.
Line 2509: The property name Tab(0).Control(2) in SSTab2 is invalid.
Line 2510: The property name Tab(0).Control(2).Enabled in SSTab2 is invalid.
Line 2511: The property name Tab(0).Control(3) in SSTab2 is invalid.
Line 2512: The property name Tab(0).Control(3).Enabled in SSTab2 is invalid.
Line 2513: The property name Tab(0).Control(4) in SSTab2 is invalid.
Line 2514: The property name Tab(0).Control(4).Enabled in SSTab2 is invalid.
Line 2515: The property name Tab(0).Control(5) in SSTab2 is invalid.
Line 2516: The property name Tab(0).Control(5).Enabled in SSTab2 is invalid.
Line 2517: The property name Tab(0).Control(6) in SSTab2 is invalid.
Line 2518: The property name Tab(0).Control(6).Enabled in SSTab2 is invalid.
Line 2519: The property name Tab(0).Control(7) in SSTab2 is invalid.
Line 2520: The property name Tab(0).Control(7).Enabled in SSTab2 is invalid.
Line 2521: The property name Tab(0).ControlCount in SSTab2 is invalid.
Line 2522: The property name TabCaption(1) in SSTab2 is invalid.
Line 2523: The property name TabPicture(1) in SSTab2 is invalid.
Line 2524: The property name Tab(1).ControlEnabled in SSTab2 is invalid.
Line 2525: The property name Tab(1).Control(0) in SSTab2 is invalid.
Line 2526: The property name Tab(1).Control(1) in SSTab2 is invalid.
Line 2527: The property name Tab(1).Control(2) in SSTab2 is invalid.
Line 2528: The property name Tab(1).Control(3) in SSTab2 is invalid.
Line 2529: The property name Tab(1).Control(4) in SSTab2 is invalid.
Line 2530: The property name Tab(1).Control(5) in SSTab2 is invalid.
Line 2531: The property name Tab(1).Control(6) in SSTab2 is invalid.
Line 2532: The property name Tab(1).ControlCount in SSTab2 is invalid.
Line 2764: The property name _ExtentX in doj is invalid.
Line 2765: The property name _ExtentY in doj is invalid.
Line 2766: The property name _Version in doj is invalid.
Line 2767: The property name Format in doj is invalid.
Line 2768: The property name CurrentDate in doj is invalid.
Line 2776: The property name _ExtentX in dob is invalid.
Line 2777: The property name _ExtentY in dob is invalid.
Line 2778: The property name _Version in dob is invalid.
Line 2779: The property name Format in dob is invalid.
Line 2780: The property name CurrentDate in dob is invalid.
Line 3493: The property name _ExtentX in Adodc1 is invalid.
Line 3494: The property name _ExtentY in Adodc1 is invalid.
Line 3495: The property name ConnectMode in Adodc1 is invalid.
Line 3496: The property name CursorLocation in Adodc1 is invalid.
Line 3497: The property name IsolationLevel in Adodc1 is invalid.
Line 3498: The property name ConnectionTimeout in Adodc1 is invalid.
Line 3499: The property name CommandTimeout in Adodc1 is invalid.
Line 3500: The property name CursorType in Adodc1 is invalid.
Line 3501: The property name LockType in Adodc1 is invalid.
Line 3502: The property name CommandType in Adodc1 is invalid.
Line 3503: The property name CursorOptions in Adodc1 is invalid.
Line 3504: The property name CacheSize in Adodc1 is invalid.
Line 3505: The property name MaxRecords in Adodc1 is invalid.
Line 3506: The property name BOFAction in Adodc1 is invalid.
Line 3507: The property name EOFAction in Adodc1 is invalid.
Line 3508: The property name ConnectStringType in Adodc1 is invalid.
Line 3512: The property name Orientation in Adodc1 is invalid.
Line 3514: The property name Connect in Adodc1 is invalid.
Line 3515: The property name OLEDBString in Adodc1 is invalid.
Line 3516: The property name OLEDBFile in Adodc1 is invalid.
Line 3517: The property name DataSourceName in Adodc1 is invalid.
Line 3518: The property name OtherAttributes in Adodc1 is invalid.
Line 3519: The property name UserName in Adodc1 is invalid.
Line 3520: The property name Password in Adodc1 is invalid.
Line 3521: The property name RecordSource in Adodc1 is invalid.
Line 3522: The property name Caption in Adodc1 is invalid.
Line 3532: The property name _Version in Adodc1 is invalid.
