Line 16: Class CRVIEWERLibCtl.CRViewer of control CRViewer1 was not a loaded control class.
Line 46: Class MSMAPI.MAPISession of control MAPISession1 was not a loaded control class.
Line 56: Class MSMAPI.MAPIMessages of control MAPIMessages1 was not a loaded control class.
Line 306: Class Crystal.CrystalReport of control cry_rep1 was not a loaded control class.
Line 23: The property name DisplayGroupTree in CRViewer1 is invalid.
Line 24: The property name DisplayToolbar in CRViewer1 is invalid.
Line 25: The property name EnableGroupTree in CRViewer1 is invalid.
Line 26: The property name EnableNavigationControls in CRViewer1 is invalid.
Line 27: The property name EnableStopButton in CRViewer1 is invalid.
Line 28: The property name EnablePrintButton in CRViewer1 is invalid.
Line 29: The property name EnableZoomControl in CRViewer1 is invalid.
Line 30: The property name EnableCloseButton in CRViewer1 is invalid.
Line 31: The property name EnableProgressControl in CRViewer1 is invalid.
Line 32: The property name EnableSearchControl in CRViewer1 is invalid.
Line 33: The property name EnableRefreshButton in CRViewer1 is invalid.
Line 34: The property name EnableDrillDown in CRViewer1 is invalid.
Line 35: The property name EnableAnimationControl in CRViewer1 is invalid.
Line 36: The property name EnableSelectExpertButton in CRViewer1 is invalid.
Line 37: The property name EnableToolbar in CRViewer1 is invalid.
Line 38: The property name DisplayBorder in CRViewer1 is invalid.
Line 39: The property name DisplayTabs in CRViewer1 is invalid.
Line 40: The property name DisplayBackgroundEdge in CRViewer1 is invalid.
Line 41: The property name SelectionFormula in CRViewer1 is invalid.
Line 42: The property name EnablePopupMenu in CRViewer1 is invalid.
Line 43: The property name EnableExportButton in CRViewer1 is invalid.
Line 44: The property name EnableSearchExpertButton in CRViewer1 is invalid.
Line 49: The property name _ExtentX in MAPISession1 is invalid.
Line 50: The property name _ExtentY in MAPISession1 is invalid.
Line 51: The property name _Version in MAPISession1 is invalid.
Line 52: The property name DownloadMail in MAPISession1 is invalid.
Line 53: The property name LogonUI in MAPISession1 is invalid.
Line 54: The property name NewSession in MAPISession1 is invalid.
Line 59: The property name _ExtentX in MAPIMessages1 is invalid.
Line 60: The property name _ExtentY in MAPIMessages1 is invalid.
Line 61: The property name _Version in MAPIMessages1 is invalid.
Line 62: The property name AddressEditFieldCount in MAPIMessages1 is invalid.
Line 63: The property name AddressModifiable in MAPIMessages1 is invalid.
Line 64: The property name AddressResolveUI in MAPIMessages1 is invalid.
Line 65: The property name FetchSorted in MAPIMessages1 is invalid.
Line 66: The property name FetchUnreadOnly in MAPIMessages1 is invalid.
Line 88: Property Picture in PROCESS had an invalid file reference.
Line 99: Property Picture in EXIT had an invalid file reference.
Line 309: The property name _ExtentX in cry_rep1 is invalid.
Line 310: The property name _ExtentY in cry_rep1 is invalid.
Line 311: The property name _Version in cry_rep1 is invalid.
Line 312: The property name WindowState in cry_rep1 is invalid.
Line 313: The property name PrintFileLinesPerPage in cry_rep1 is invalid.
